<?xml version="1.0" encoding="UTF-8"?>
<!-- Generated by org.testng.reporters.JUnitReportReporter -->
<testsuite hostname="DESKTOP-R26THKM" failures="0" tests="1" name="project.Testcases" time="7.496" errors="0" timestamp="2022-11-09T13:33:06 IST" skipped="0">
  <testcase classname="project.Testcases" name="Listeners" time="7.496"/>
  <system-out/>
</testsuite> <!-- project.Testcases -->
